<?xml version="1.0" encoding="UTF-8"?>
<testng-results ignored="0" total="1" passed="1" failed="0" skipped="0">
  <reporter-output>
  </reporter-output>
  <suite started-at="2022-12-14T14:59:12 PST" name="Default suite" finished-at="2022-12-14T14:59:57 PST" duration-ms="45152">
    <groups>
    </groups>
    <test started-at="2022-12-14T14:59:12 PST" name="Default test" finished-at="2022-12-14T14:59:57 PST" duration-ms="45152">
      <class name="Supriya_Sept8.Appium.ScrollDemo">
        <test-method is-config="true" signature="ConfigureAppium()[pri:0, instance:Supriya_Sept8.Appium.ScrollDemo@13fd2ccd]" started-at="2022-12-14T14:59:12 PST" name="ConfigureAppium" finished-at="2022-12-14T14:59:21 PST" duration-ms="8510" status="PASS">
          <reporter-output>
          </reporter-output>
        </test-method> <!-- ConfigureAppium -->
        <test-method signature="ScrollDemoTest()[pri:0, instance:Supriya_Sept8.Appium.ScrollDemo@13fd2ccd]" started-at="2022-12-14T14:59:21 PST" name="ScrollDemoTest" finished-at="2022-12-14T14:59:57 PST" duration-ms="35635" status="PASS">
          <reporter-output>
          </reporter-output>
        </test-method> <!-- ScrollDemoTest -->
        <test-method is-config="true" signature="tearDown()[pri:0, instance:Supriya_Sept8.Appium.ScrollDemo@13fd2ccd]" started-at="2022-12-14T14:59:57 PST" name="tearDown" finished-at="2022-12-14T14:59:57 PST" duration-ms="948" status="PASS">
          <reporter-output>
          </reporter-output>
        </test-method> <!-- tearDown -->
      </class> <!-- Supriya_Sept8.Appium.ScrollDemo -->
    </test> <!-- Default test -->
  </suite> <!-- Default suite -->
</testng-results>
